  [1m[36m (68.3ms)[0m  [1mCREATE TABLE "schema_migrations" ("version" varchar NOT NULL) [0m
  [1m[35m (0.1ms)[0m  select sqlite_version(*)
  [1m[36m (60.0ms)[0m  [1mCREATE UNIQUE INDEX "unique_schema_migrations" ON "schema_migrations" ("version")[0m
  [1m[35mActiveRecord::SchemaMigration Load (0.1ms)[0m  SELECT "schema_migrations".* FROM "schema_migrations"
Migrating to CreateMovies (20150809022253)
  [1m[36m (0.1ms)[0m  [1mbegin transaction[0m
DEPRECATION WARNING: `#timestamps` was called without specifying an option for `null`. In Rails 5, this behavior will change to `null: false`. You should manually specify `null: true` to prevent the behavior of your existing migrations from changing. (called from block in change at /home/codio/workspace/rottenpotatoes-rails-intro/db/migrate/20150809022253_create_movies.rb:10)
  [1m[35m (0.5ms)[0m  CREATE TABLE "movies" ("id" INTEGER PRIMARY KEY AUTOINCREMENT NOT NULL, "title" varchar, "rating" varchar, "description" text, "release_date" datetime, "created_at" datetime, "updated_at" datetime) 
  [1m[36mSQL (0.2ms)[0m  [1mINSERT INTO "schema_migrations" ("version") VALUES (?)[0m  [["version", "20150809022253"]]
  [1m[35m (66.1ms)[0m  commit transaction
  [1m[36mActiveRecord::SchemaMigration Load (0.1ms)[0m  [1mSELECT "schema_migrations".* FROM "schema_migrations"[0m
  [1m[36mActiveRecord::SchemaMigration Load (0.1ms)[0m  [1mSELECT "schema_migrations".* FROM "schema_migrations"[0m
  [1m[35m (0.1ms)[0m  begin transaction
  [1m[36mSQL (0.5ms)[0m  [1mINSERT INTO "movies" ("title", "rating", "release_date", "created_at", "updated_at") VALUES (?, ?, ?, ?, ?)[0m  [["title", "Aladdin"], ["rating", "G"], ["release_date", "1992-11-25 00:00:00.000000"], ["created_at", "2022-10-05 02:23:36.830663"], ["updated_at", "2022-10-05 02:23:36.830663"]]
  [1m[35m (64.4ms)[0m  commit transaction
  [1m[36m (0.1ms)[0m  [1mbegin transaction[0m
  [1m[35mSQL (0.2ms)[0m  INSERT INTO "movies" ("title", "rating", "release_date", "created_at", "updated_at") VALUES (?, ?, ?, ?, ?)  [["title", "The Terminator"], ["rating", "R"], ["release_date", "1984-10-26 00:00:00.000000"], ["created_at", "2022-10-05 02:23:36.898025"], ["updated_at", "2022-10-05 02:23:36.898025"]]
  [1m[36m (59.5ms)[0m  [1mcommit transaction[0m
  [1m[35m (0.1ms)[0m  begin transaction
  [1m[36mSQL (0.4ms)[0m  [1mINSERT INTO "movies" ("title", "rating", "release_date", "created_at", "updated_at") VALUES (?, ?, ?, ?, ?)[0m  [["title", "When Harry Met Sally"], ["rating", "R"], ["release_date", "1989-07-21 00:00:00.000000"], ["created_at", "2022-10-05 02:23:36.959965"], ["updated_at", "2022-10-05 02:23:36.959965"]]
  [1m[35m (68.7ms)[0m  commit transaction
  [1m[36m (0.1ms)[0m  [1mbegin transaction[0m
  [1m[35mSQL (0.3ms)[0m  INSERT INTO "movies" ("title", "rating", "release_date", "created_at", "updated_at") VALUES (?, ?, ?, ?, ?)  [["title", "The Help"], ["rating", "PG-13"], ["release_date", "2011-08-10 00:00:00.000000"], ["created_at", "2022-10-05 02:23:37.031215"], ["updated_at", "2022-10-05 02:23:37.031215"]]
  [1m[36m (58.9ms)[0m  [1mcommit transaction[0m
  [1m[35m (0.1ms)[0m  begin transaction
  [1m[36mSQL (0.2ms)[0m  [1mINSERT INTO "movies" ("title", "rating", "release_date", "created_at", "updated_at") VALUES (?, ?, ?, ?, ?)[0m  [["title", "Chocolat"], ["rating", "PG-13"], ["release_date", "2001-01-05 00:00:00.000000"], ["created_at", "2022-10-05 02:23:37.092070"], ["updated_at", "2022-10-05 02:23:37.092070"]]
  [1m[35m (59.7ms)[0m  commit transaction
  [1m[36m (0.1ms)[0m  [1mbegin transaction[0m
  [1m[35mSQL (0.2ms)[0m  INSERT INTO "movies" ("title", "rating", "release_date", "created_at", "updated_at") VALUES (?, ?, ?, ?, ?)  [["title", "Amelie"], ["rating", "R"], ["release_date", "2001-04-25 00:00:00.000000"], ["created_at", "2022-10-05 02:23:37.153711"], ["updated_at", "2022-10-05 02:23:37.153711"]]
  [1m[36m (58.2ms)[0m  [1mcommit transaction[0m
  [1m[35m (0.1ms)[0m  begin transaction
  [1m[36mSQL (0.3ms)[0m  [1mINSERT INTO "movies" ("title", "rating", "release_date", "created_at", "updated_at") VALUES (?, ?, ?, ?, ?)[0m  [["title", "2001: A Space Odyssey"], ["rating", "G"], ["release_date", "1968-04-06 00:00:00.000000"], ["created_at", "2022-10-05 02:23:37.213985"], ["updated_at", "2022-10-05 02:23:37.213985"]]
  [1m[35m (56.9ms)[0m  commit transaction
  [1m[36m (0.1ms)[0m  [1mbegin transaction[0m
  [1m[35mSQL (0.2ms)[0m  INSERT INTO "movies" ("title", "rating", "release_date", "created_at", "updated_at") VALUES (?, ?, ?, ?, ?)  [["title", "The Incredibles"], ["rating", "PG"], ["release_date", "2004-11-05 00:00:00.000000"], ["created_at", "2022-10-05 02:23:37.272967"], ["updated_at", "2022-10-05 02:23:37.272967"]]
  [1m[36m (56.8ms)[0m  [1mcommit transaction[0m
  [1m[35m (0.1ms)[0m  begin transaction
  [1m[36mSQL (0.2ms)[0m  [1mINSERT INTO "movies" ("title", "rating", "release_date", "created_at", "updated_at") VALUES (?, ?, ?, ?, ?)[0m  [["title", "Raiders of the Lost Ark"], ["rating", "PG"], ["release_date", "1981-06-12 00:00:00.000000"], ["created_at", "2022-10-05 02:23:37.331643"], ["updated_at", "2022-10-05 02:23:37.331643"]]
  [1m[35m (58.7ms)[0m  commit transaction
  [1m[36m (0.1ms)[0m  [1mbegin transaction[0m
  [1m[35mSQL (0.3ms)[0m  INSERT INTO "movies" ("title", "rating", "release_date", "created_at", "updated_at") VALUES (?, ?, ?, ?, ?)  [["title", "Chicken Run"], ["rating", "G"], ["release_date", "2000-06-21 00:00:00.000000"], ["created_at", "2022-10-05 02:23:37.392203"], ["updated_at", "2022-10-05 02:23:37.392203"]]
  [1m[36m (56.1ms)[0m  [1mcommit transaction[0m


Started GET "/" for 2607:f140:6000:33:119c:3ab0:d2bd:ae09 at 2022-10-05 02:24:49 +0000
Cannot render console from 2607:f140:6000:33:119c:3ab0:d2bd:ae09! Allowed networks: 127.0.0.1, ::1, 127.0.0.0/127.255.255.255
  [1m[36mActiveRecord::SchemaMigration Load (0.1ms)[0m  [1mSELECT "schema_migrations".* FROM "schema_migrations"[0m
Processing by MoviesController#index as HTML
  [1m[35mMovie Load (0.2ms)[0m  SELECT "movies".* FROM "movies"
  Rendered movies/index.html.erb within layouts/application (7.8ms)
  Rendered layouts/_flash.erb (0.4ms)
Completed 200 OK in 336ms (Views: 334.0ms | ActiveRecord: 0.4ms)


Started GET "/assets/jquery_ujs.self-784a997f6726036b1993eb2217c9cb558e1cbb801c6da88105588c56f13b466a.js?body=1" for 2607:f140:6000:33:119c:3ab0:d2bd:ae09 at 2022-10-05 02:24:50 +0000
Cannot render console from 2607:f140:6000:33:119c:3ab0:d2bd:ae09! Allowed networks: 127.0.0.1, ::1, 127.0.0.0/127.255.255.255


Started GET "/assets/application.self-e80e8f2318043e8af94dddc2adad5a4f09739a8ebb323b3ab31cd71d45fd9113.css?body=1" for 2607:f140:6000:33:119c:3ab0:d2bd:ae09 at 2022-10-05 02:24:50 +0000
Cannot render console from 2607:f140:6000:33:119c:3ab0:d2bd:ae09! Allowed networks: 127.0.0.1, ::1, 127.0.0.0/127.255.255.255


Started GET "/assets/application.self-377610cd7c1509e934744c810e3b4cf672dfbcacac3274e7d039827e2ae0fcc7.js?body=1" for 2607:f140:6000:33:119c:3ab0:d2bd:ae09 at 2022-10-05 02:24:50 +0000
Cannot render console from 2607:f140:6000:33:119c:3ab0:d2bd:ae09! Allowed networks: 127.0.0.1, ::1, 127.0.0.0/127.255.255.255


Started GET "/assets/jquery.self-bd7ddd393353a8d2480a622e80342adf488fb6006d667e8b42e4c0073393abee.js?body=1" for 2607:f140:6000:33:119c:3ab0:d2bd:ae09 at 2022-10-05 02:24:50 +0000
Cannot render console from 2607:f140:6000:33:119c:3ab0:d2bd:ae09! Allowed networks: 127.0.0.1, ::1, 127.0.0.0/127.255.255.255


Started GET "/" for 2601:644:400:f0:9ddb:f8d3:49c8:89e5 at 2022-10-05 05:19:19 +0000
Cannot render console from 2601:644:400:f0:9ddb:f8d3:49c8:89e5! Allowed networks: 127.0.0.1, ::1, 127.0.0.0/127.255.255.255
  [1m[36mActiveRecord::SchemaMigration Load (0.1ms)[0m  [1mSELECT "schema_migrations".* FROM "schema_migrations"[0m
Processing by MoviesController#index as HTML
Completed 500 Internal Server Error in 10ms (ActiveRecord: 0.0ms)

NameError (undefined local variable or method `ratings' for #<MoviesController:0x00007f0450913128>
Did you mean?  Rational):
  app/controllers/movies_controller.rb:10:in `index'


  Rendered /home/codio/.rvm/gems/ruby-2.6.6/gems/actionpack-4.2.11/lib/action_dispatch/middleware/templates/rescues/_source.erb (4.0ms)
  Rendered /home/codio/.rvm/gems/ruby-2.6.6/gems/actionpack-4.2.11/lib/action_dispatch/middleware/templates/rescues/_trace.html.erb (2.0ms)
  Rendered /home/codio/.rvm/gems/ruby-2.6.6/gems/actionpack-4.2.11/lib/action_dispatch/middleware/templates/rescues/_request_and_response.html.erb (6.6ms)
  Rendered /home/codio/.rvm/gems/ruby-2.6.6/gems/actionpack-4.2.11/lib/action_dispatch/middleware/templates/rescues/diagnostics.html.erb within rescues/layout (24.1ms)


Started GET "/" for 2601:644:400:f0:9ddb:f8d3:49c8:89e5 at 2022-10-05 05:20:24 +0000
Cannot render console from 2601:644:400:f0:9ddb:f8d3:49c8:89e5! Allowed networks: 127.0.0.1, ::1, 127.0.0.0/127.255.255.255
  [1m[36mActiveRecord::SchemaMigration Load (0.1ms)[0m  [1mSELECT "schema_migrations".* FROM "schema_migrations"[0m
Processing by MoviesController#index as HTML
Completed 500 Internal Server Error in 12ms (ActiveRecord: 0.0ms)

NoMethodError (undefined method `all_ratings' for #<Class:0x00007f44ec9109a0>):
  app/controllers/movies_controller.rb:10:in `index'


  Rendered /home/codio/.rvm/gems/ruby-2.6.6/gems/actionpack-4.2.11/lib/action_dispatch/middleware/templates/rescues/_source.erb (4.0ms)
  Rendered /home/codio/.rvm/gems/ruby-2.6.6/gems/actionpack-4.2.11/lib/action_dispatch/middleware/templates/rescues/_trace.html.erb (1.9ms)
  Rendered /home/codio/.rvm/gems/ruby-2.6.6/gems/actionpack-4.2.11/lib/action_dispatch/middleware/templates/rescues/_request_and_response.html.erb (6.0ms)
  Rendered /home/codio/.rvm/gems/ruby-2.6.6/gems/actionpack-4.2.11/lib/action_dispatch/middleware/templates/rescues/diagnostics.html.erb within rescues/layout (20.0ms)


Started GET "/" for 2601:644:400:f0:9ddb:f8d3:49c8:89e5 at 2022-10-05 05:21:08 +0000
Cannot render console from 2601:644:400:f0:9ddb:f8d3:49c8:89e5! Allowed networks: 127.0.0.1, ::1, 127.0.0.0/127.255.255.255
  [1m[36mActiveRecord::SchemaMigration Load (0.1ms)[0m  [1mSELECT "schema_migrations".* FROM "schema_migrations"[0m
Processing by MoviesController#index as HTML
Completed 500 Internal Server Error in 11ms (ActiveRecord: 0.0ms)

NoMethodError (undefined method `all_ratings' for #<Class:0x00007f2e349283d0>):
  app/controllers/movies_controller.rb:10:in `index'


  Rendered /home/codio/.rvm/gems/ruby-2.6.6/gems/actionpack-4.2.11/lib/action_dispatch/middleware/templates/rescues/_source.erb (4.0ms)
  Rendered /home/codio/.rvm/gems/ruby-2.6.6/gems/actionpack-4.2.11/lib/action_dispatch/middleware/templates/rescues/_trace.html.erb (1.9ms)
  Rendered /home/codio/.rvm/gems/ruby-2.6.6/gems/actionpack-4.2.11/lib/action_dispatch/middleware/templates/rescues/_request_and_response.html.erb (6.0ms)
  Rendered /home/codio/.rvm/gems/ruby-2.6.6/gems/actionpack-4.2.11/lib/action_dispatch/middleware/templates/rescues/diagnostics.html.erb within rescues/layout (19.9ms)


Started GET "/" for 2601:644:400:f0:9ddb:f8d3:49c8:89e5 at 2022-10-05 05:21:37 +0000
Cannot render console from 2601:644:400:f0:9ddb:f8d3:49c8:89e5! Allowed networks: 127.0.0.1, ::1, 127.0.0.0/127.255.255.255
  [1m[36mActiveRecord::SchemaMigration Load (0.1ms)[0m  [1mSELECT "schema_migrations".* FROM "schema_migrations"[0m
Processing by MoviesController#index as HTML
  Rendered movies/index.html.erb within layouts/application (4.3ms)
Completed 500 Internal Server Error in 17ms (ActiveRecord: 0.1ms)

ActionView::Template::Error (undefined method `each' for nil:NilClass):
    3: 
    4: <%= form_tag movies_path, method: :get, id: 'ratings_form' do %>
    5:   Include:
    6:   <% @all_ratings.each do |rating| %>
    7:     <div class="form-check  form-check-inline">
    8:       <%= label_tag "ratings[#{rating}]", rating, class: 'form-check-label' %>
    9:       <%= check_box_tag "ratings[#{rating}]", "1",  @ratings_to_show.include?(rating), class: 'form-check-input' %>
  app/views/movies/index.html.erb:6:in `block in _app_views_movies_index_html_erb___277865393368410604_70160074169860'
  app/views/movies/index.html.erb:4:in `_app_views_movies_index_html_erb___277865393368410604_70160074169860'


  Rendered /home/codio/.rvm/gems/ruby-2.6.6/gems/actionpack-4.2.11/lib/action_dispatch/middleware/templates/rescues/_source.erb (6.0ms)
  Rendered /home/codio/.rvm/gems/ruby-2.6.6/gems/actionpack-4.2.11/lib/action_dispatch/middleware/templates/rescues/_trace.html.erb (2.4ms)
  Rendered /home/codio/.rvm/gems/ruby-2.6.6/gems/actionpack-4.2.11/lib/action_dispatch/middleware/templates/rescues/_request_and_response.html.erb (6.0ms)
  Rendered /home/codio/.rvm/gems/ruby-2.6.6/gems/actionpack-4.2.11/lib/action_dispatch/middleware/templates/rescues/template_error.html.erb within rescues/layout (21.4ms)


Started GET "/" for 2601:644:400:f0:9ddb:f8d3:49c8:89e5 at 2022-10-05 05:24:39 +0000
Cannot render console from 2601:644:400:f0:9ddb:f8d3:49c8:89e5! Allowed networks: 127.0.0.1, ::1, 127.0.0.0/127.255.255.255
  [1m[36mActiveRecord::SchemaMigration Load (0.1ms)[0m  [1mSELECT "schema_migrations".* FROM "schema_migrations"[0m
Processing by MoviesController#index as HTML
  Rendered movies/index.html.erb within layouts/application (4.8ms)
Completed 500 Internal Server Error in 17ms (ActiveRecord: 0.1ms)

ActionView::Template::Error (undefined method `include?' for nil:NilClass):
     6:   <% @all_ratings.each do |rating| %>
     7:     <div class="form-check  form-check-inline">
     8:       <%= label_tag "ratings[#{rating}]", rating, class: 'form-check-label' %>
     9:       <%= check_box_tag "ratings[#{rating}]", "1",  @ratings_to_show.include?(rating), class: 'form-check-input' %>
    10:     </div>
    11:   <% end %>
    12:   <%= submit_tag 'Refresh', id: 'ratings_submit', class: 'btn btn-primary' %>
  app/views/movies/index.html.erb:9:in `block (2 levels) in _app_views_movies_index_html_erb___450682273048826072_70075986714760'
  app/views/movies/index.html.erb:6:in `each'
  app/views/movies/index.html.erb:6:in `block in _app_views_movies_index_html_erb___450682273048826072_70075986714760'
  app/views/movies/index.html.erb:4:in `_app_views_movies_index_html_erb___450682273048826072_70075986714760'


  Rendered /home/codio/.rvm/gems/ruby-2.6.6/gems/actionpack-4.2.11/lib/action_dispatch/middleware/templates/rescues/_source.erb (5.7ms)
  Rendered /home/codio/.rvm/gems/ruby-2.6.6/gems/actionpack-4.2.11/lib/action_dispatch/middleware/templates/rescues/_trace.html.erb (2.4ms)
  Rendered /home/codio/.rvm/gems/ruby-2.6.6/gems/actionpack-4.2.11/lib/action_dispatch/middleware/templates/rescues/_request_and_response.html.erb (6.0ms)
  Rendered /home/codio/.rvm/gems/ruby-2.6.6/gems/actionpack-4.2.11/lib/action_dispatch/middleware/templates/rescues/template_error.html.erb within rescues/layout (21.0ms)


Started GET "/" for 2601:644:400:f0:9ddb:f8d3:49c8:89e5 at 2022-10-05 05:40:29 +0000
Cannot render console from 2601:644:400:f0:9ddb:f8d3:49c8:89e5! Allowed networks: 127.0.0.1, ::1, 127.0.0.0/127.255.255.255
  [1m[36mActiveRecord::SchemaMigration Load (0.1ms)[0m  [1mSELECT "schema_migrations".* FROM "schema_migrations"[0m
Processing by MoviesController#index as HTML
  Rendered movies/index.html.erb within layouts/application (7.2ms)
Completed 500 Internal Server Error in 24ms (ActiveRecord: 0.1ms)

ActionView::Template::Error (undefined method `include?' for nil:NilClass):
     6:   <% @all_ratings.each do |rating| %>
     7:     <div class="form-check  form-check-inline">
     8:       <%= label_tag "ratings[#{rating}]", rating, class: 'form-check-label' %>
     9:       <%= check_box_tag "ratings[#{rating}]", "1",  @ratings_to_show.include?(rating), class: 'form-check-input' %>
    10:     </div>
    11:   <% end %>
    12:   <%= submit_tag 'Refresh', id: 'ratings_submit', class: 'btn btn-primary' %>
  app/views/movies/index.html.erb:9:in `block (2 levels) in _app_views_movies_index_html_erb__2826672690119779455_70325967241940'
  app/views/movies/index.html.erb:6:in `each'
  app/views/movies/index.html.erb:6:in `block in _app_views_movies_index_html_erb__2826672690119779455_70325967241940'
  app/views/movies/index.html.erb:4:in `_app_views_movies_index_html_erb__2826672690119779455_70325967241940'


  Rendered /home/codio/.rvm/gems/ruby-2.6.6/gems/actionpack-4.2.11/lib/action_dispatch/middleware/templates/rescues/_source.erb (6.3ms)
  Rendered /home/codio/.rvm/gems/ruby-2.6.6/gems/actionpack-4.2.11/lib/action_dispatch/middleware/templates/rescues/_trace.html.erb (2.6ms)
  Rendered /home/codio/.rvm/gems/ruby-2.6.6/gems/actionpack-4.2.11/lib/action_dispatch/middleware/templates/rescues/_request_and_response.html.erb (6.6ms)
  Rendered /home/codio/.rvm/gems/ruby-2.6.6/gems/actionpack-4.2.11/lib/action_dispatch/middleware/templates/rescues/template_error.html.erb within rescues/layout (23.5ms)


Started GET "/" for 2601:644:400:f0:9ddb:f8d3:49c8:89e5 at 2022-10-05 05:41:04 +0000
Cannot render console from 2601:644:400:f0:9ddb:f8d3:49c8:89e5! Allowed networks: 127.0.0.1, ::1, 127.0.0.0/127.255.255.255
Processing by MoviesController#index as HTML
  Rendered movies/index.html.erb within layouts/application (2.4ms)
Completed 500 Internal Server Error in 4ms (ActiveRecord: 0.0ms)

ActionView::Template::Error (undefined method `include?' for nil:NilClass):
     6:   <% @all_ratings.each do |rating| %>
     7:     <div class="form-check  form-check-inline">
     8:       <%= label_tag "ratings[#{rating}]", rating, class: 'form-check-label' %>
     9:       <%= check_box_tag "ratings[#{rating}]", "1",  @ratings_to_show.include?(rating), class: 'form-check-input' %>
    10:     </div>
    11:   <% end %>
    12:   <%= submit_tag 'Refresh', id: 'ratings_submit', class: 'btn btn-primary' %>
  app/views/movies/index.html.erb:9:in `block (2 levels) in _app_views_movies_index_html_erb__2826672690119779455_70325967241940'
  app/views/movies/index.html.erb:6:in `each'
  app/views/movies/index.html.erb:6:in `block in _app_views_movies_index_html_erb__2826672690119779455_70325967241940'
  app/views/movies/index.html.erb:4:in `_app_views_movies_index_html_erb__2826672690119779455_70325967241940'


  Rendered /home/codio/.rvm/gems/ruby-2.6.6/gems/actionpack-4.2.11/lib/action_dispatch/middleware/templates/rescues/_source.erb (6.0ms)
  Rendered /home/codio/.rvm/gems/ruby-2.6.6/gems/actionpack-4.2.11/lib/action_dispatch/middleware/templates/rescues/_trace.html.erb (2.8ms)
  Rendered /home/codio/.rvm/gems/ruby-2.6.6/gems/actionpack-4.2.11/lib/action_dispatch/middleware/templates/rescues/_request_and_response.html.erb (1.1ms)
  Rendered /home/codio/.rvm/gems/ruby-2.6.6/gems/actionpack-4.2.11/lib/action_dispatch/middleware/templates/rescues/template_error.html.erb within rescues/layout (17.9ms)


Started GET "/" for 2601:644:400:f0:9ddb:f8d3:49c8:89e5 at 2022-10-05 05:41:32 +0000
Cannot render console from 2601:644:400:f0:9ddb:f8d3:49c8:89e5! Allowed networks: 127.0.0.1, ::1, 127.0.0.0/127.255.255.255
Processing by MoviesController#index as HTML
  Rendered movies/index.html.erb within layouts/application (3.1ms)
Completed 500 Internal Server Error in 11ms (ActiveRecord: 0.4ms)

ActionView::Template::Error (undefined method `title' for "G":String
Did you mean?  titleize):
    27:     <% @movies.each do |movie| %>
    28:       <tr>
    29:         <td>
    30:           <%= movie.title %>
    31:         </td>
    32:         <td>
    33:           <%= movie.rating %>
  app/views/movies/index.html.erb:30:in `block in _app_views_movies_index_html_erb__2826672690119779455_70325967241940'
  app/views/movies/index.html.erb:27:in `each'
  app/views/movies/index.html.erb:27:in `_app_views_movies_index_html_erb__2826672690119779455_70325967241940'


  Rendered /home/codio/.rvm/gems/ruby-2.6.6/gems/actionpack-4.2.11/lib/action_dispatch/middleware/templates/rescues/_source.erb (8.4ms)
  Rendered /home/codio/.rvm/gems/ruby-2.6.6/gems/actionpack-4.2.11/lib/action_dispatch/middleware/templates/rescues/_trace.html.erb (2.8ms)
  Rendered /home/codio/.rvm/gems/ruby-2.6.6/gems/actionpack-4.2.11/lib/action_dispatch/middleware/templates/rescues/_request_and_response.html.erb (1.1ms)
  Rendered /home/codio/.rvm/gems/ruby-2.6.6/gems/actionpack-4.2.11/lib/action_dispatch/middleware/templates/rescues/template_error.html.erb within rescues/layout (21.2ms)


Started GET "/" for 2601:644:400:f0:9ddb:f8d3:49c8:89e5 at 2022-10-05 05:41:52 +0000
Cannot render console from 2601:644:400:f0:9ddb:f8d3:49c8:89e5! Allowed networks: 127.0.0.1, ::1, 127.0.0.0/127.255.255.255
Processing by MoviesController#index as HTML
  Rendered movies/index.html.erb within layouts/application (2.9ms)
Completed 500 Internal Server Error in 8ms (ActiveRecord: 0.2ms)

ActionView::Template::Error (undefined method `title' for "G":String
Did you mean?  titleize):
    27:     <% @movies.each do |movie| %>
    28:       <tr>
    29:         <td>
    30:           <%= movie.title %>
    31:         </td>
    32:         <td>
    33:           <%= movie.rating %>
  app/views/movies/index.html.erb:30:in `block in _app_views_movies_index_html_erb__2826672690119779455_70325967241940'
  app/views/movies/index.html.erb:27:in `each'
  app/views/movies/index.html.erb:27:in `_app_views_movies_index_html_erb__2826672690119779455_70325967241940'


  Rendered /home/codio/.rvm/gems/ruby-2.6.6/gems/actionpack-4.2.11/lib/action_dispatch/middleware/templates/rescues/_source.erb (5.4ms)
  Rendered /home/codio/.rvm/gems/ruby-2.6.6/gems/actionpack-4.2.11/lib/action_dispatch/middleware/templates/rescues/_trace.html.erb (2.3ms)
  Rendered /home/codio/.rvm/gems/ruby-2.6.6/gems/actionpack-4.2.11/lib/action_dispatch/middleware/templates/rescues/_request_and_response.html.erb (1.0ms)
  Rendered /home/codio/.rvm/gems/ruby-2.6.6/gems/actionpack-4.2.11/lib/action_dispatch/middleware/templates/rescues/template_error.html.erb within rescues/layout (15.4ms)


Started GET "/" for 2601:644:400:f0:9ddb:f8d3:49c8:89e5 at 2022-10-05 05:43:24 +0000
Cannot render console from 2601:644:400:f0:9ddb:f8d3:49c8:89e5! Allowed networks: 127.0.0.1, ::1, 127.0.0.0/127.255.255.255
Processing by MoviesController#index as HTML
  [1m[35mMovie Load (0.1ms)[0m  SELECT "movies".* FROM "movies" WHERE "movies"."rating" = ?  [["rating", "G"]]
  [1m[36mMovie Load (0.1ms)[0m  [1mSELECT "movies".* FROM "movies" WHERE "movies"."rating" = ?[0m  [["rating", "PG"]]
  [1m[35mMovie Load (0.1ms)[0m  SELECT "movies".* FROM "movies" WHERE "movies"."rating" = ?  [["rating", "PG-13"]]
  [1m[36mMovie Load (0.1ms)[0m  [1mSELECT "movies".* FROM "movies" WHERE "movies"."rating" = ?[0m  [["rating", "R"]]
  Rendered movies/index.html.erb within layouts/application (1.7ms)
  Rendered layouts/_flash.erb (0.4ms)
Completed 200 OK in 225ms (Views: 217.6ms | ActiveRecord: 0.7ms)


Started GET "/movies?utf8=%E2%9C%93&ratings%5BG%5D=1&ratings%5BPG-13%5D=1&commit=Refresh" for 2601:644:400:f0:9ddb:f8d3:49c8:89e5 at 2022-10-05 05:43:32 +0000
Cannot render console from 2601:644:400:f0:9ddb:f8d3:49c8:89e5! Allowed networks: 127.0.0.1, ::1, 127.0.0.0/127.255.255.255
Processing by MoviesController#index as HTML
  Parameters: {"utf8"=>"✓", "ratings"=>{"G"=>"1", "PG-13"=>"1"}, "commit"=>"Refresh"}
  [1m[35mMovie Load (0.1ms)[0m  SELECT "movies".* FROM "movies" WHERE "movies"."rating" = ?  [["rating", "G"]]
  [1m[36mMovie Load (0.1ms)[0m  [1mSELECT "movies".* FROM "movies" WHERE "movies"."rating" = ?[0m  [["rating", "PG"]]
  [1m[35mMovie Load (0.1ms)[0m  SELECT "movies".* FROM "movies" WHERE "movies"."rating" = ?  [["rating", "PG-13"]]
  [1m[36mMovie Load (0.1ms)[0m  [1mSELECT "movies".* FROM "movies" WHERE "movies"."rating" = ?[0m  [["rating", "R"]]
  Rendered movies/index.html.erb within layouts/application (1.7ms)
  Rendered layouts/_flash.erb (0.1ms)
Completed 200 OK in 11ms (Views: 8.4ms | ActiveRecord: 0.3ms)


Started GET "/movies?utf8=%E2%9C%93&commit=Refresh" for 2601:644:400:f0:9ddb:f8d3:49c8:89e5 at 2022-10-05 05:43:34 +0000
Cannot render console from 2601:644:400:f0:9ddb:f8d3:49c8:89e5! Allowed networks: 127.0.0.1, ::1, 127.0.0.0/127.255.255.255
Processing by MoviesController#index as HTML
  Parameters: {"utf8"=>"✓", "commit"=>"Refresh"}
  [1m[35mMovie Load (0.1ms)[0m  SELECT "movies".* FROM "movies" WHERE "movies"."rating" = ?  [["rating", "G"]]
  [1m[36mMovie Load (0.1ms)[0m  [1mSELECT "movies".* FROM "movies" WHERE "movies"."rating" = ?[0m  [["rating", "PG"]]
  [1m[35mMovie Load (0.1ms)[0m  SELECT "movies".* FROM "movies" WHERE "movies"."rating" = ?  [["rating", "PG-13"]]
  [1m[36mMovie Load (0.1ms)[0m  [1mSELECT "movies".* FROM "movies" WHERE "movies"."rating" = ?[0m  [["rating", "R"]]
  Rendered movies/index.html.erb within layouts/application (1.6ms)
  Rendered layouts/_flash.erb (0.1ms)
Completed 200 OK in 10ms (Views: 8.2ms | ActiveRecord: 0.3ms)


Started GET "/movies?utf8=%E2%9C%93&ratings%5BPG%5D=1&ratings%5BPG-13%5D=1&commit=Refresh" for 2601:644:400:f0:9ddb:f8d3:49c8:89e5 at 2022-10-05 05:43:37 +0000
Cannot render console from 2601:644:400:f0:9ddb:f8d3:49c8:89e5! Allowed networks: 127.0.0.1, ::1, 127.0.0.0/127.255.255.255
Processing by MoviesController#index as HTML
  Parameters: {"utf8"=>"✓", "ratings"=>{"PG"=>"1", "PG-13"=>"1"}, "commit"=>"Refresh"}
  [1m[35mMovie Load (0.1ms)[0m  SELECT "movies".* FROM "movies" WHERE "movies"."rating" = ?  [["rating", "G"]]
  [1m[36mMovie Load (0.1ms)[0m  [1mSELECT "movies".* FROM "movies" WHERE "movies"."rating" = ?[0m  [["rating", "PG"]]
  [1m[35mMovie Load (0.1ms)[0m  SELECT "movies".* FROM "movies" WHERE "movies"."rating" = ?  [["rating", "PG-13"]]
  [1m[36mMovie Load (0.1ms)[0m  [1mSELECT "movies".* FROM "movies" WHERE "movies"."rating" = ?[0m  [["rating", "R"]]
  Rendered movies/index.html.erb within layouts/application (1.7ms)
  Rendered layouts/_flash.erb (0.1ms)
Completed 200 OK in 33ms (Views: 31.0ms | ActiveRecord: 0.3ms)


Started GET "/movies?utf8=%E2%9C%93&commit=Refresh" for 2601:644:400:f0:9ddb:f8d3:49c8:89e5 at 2022-10-05 05:45:31 +0000
Cannot render console from 2601:644:400:f0:9ddb:f8d3:49c8:89e5! Allowed networks: 127.0.0.1, ::1, 127.0.0.0/127.255.255.255
Processing by MoviesController#index as HTML
  Parameters: {"utf8"=>"✓", "commit"=>"Refresh"}
  [1m[35mMovie Load (0.1ms)[0m  SELECT "movies".* FROM "movies" WHERE "movies"."rating" = ?  [["rating", "G"]]
  [1m[36mMovie Load (0.1ms)[0m  [1mSELECT "movies".* FROM "movies" WHERE "movies"."rating" = ?[0m  [["rating", "PG"]]
  [1m[35mMovie Load (0.1ms)[0m  SELECT "movies".* FROM "movies" WHERE "movies"."rating" = ?  [["rating", "PG-13"]]
  [1m[36mMovie Load (0.1ms)[0m  [1mSELECT "movies".* FROM "movies" WHERE "movies"."rating" = ?[0m  [["rating", "R"]]
  Rendered movies/index.html.erb within layouts/application (1.8ms)
  Rendered layouts/_flash.erb (0.1ms)
Completed 200 OK in 24ms (Views: 14.1ms | ActiveRecord: 0.9ms)


Started GET "/movies?utf8=%E2%9C%93&ratings%5BR%5D=1&commit=Refresh" for 2601:644:400:f0:9ddb:f8d3:49c8:89e5 at 2022-10-05 05:45:40 +0000
Cannot render console from 2601:644:400:f0:9ddb:f8d3:49c8:89e5! Allowed networks: 127.0.0.1, ::1, 127.0.0.0/127.255.255.255
Processing by MoviesController#index as HTML
  Parameters: {"utf8"=>"✓", "ratings"=>{"R"=>"1"}, "commit"=>"Refresh"}
  [1m[35mMovie Load (0.1ms)[0m  SELECT "movies".* FROM "movies" WHERE "movies"."rating" = ?  [["rating", "G"]]
  [1m[36mMovie Load (0.1ms)[0m  [1mSELECT "movies".* FROM "movies" WHERE "movies"."rating" = ?[0m  [["rating", "PG"]]
  [1m[35mMovie Load (0.1ms)[0m  SELECT "movies".* FROM "movies" WHERE "movies"."rating" = ?  [["rating", "PG-13"]]
  [1m[36mMovie Load (0.1ms)[0m  [1mSELECT "movies".* FROM "movies" WHERE "movies"."rating" = ?[0m  [["rating", "R"]]
  Rendered movies/index.html.erb within layouts/application (1.5ms)
  Rendered layouts/_flash.erb (0.1ms)
Completed 200 OK in 11ms (Views: 8.3ms | ActiveRecord: 0.3ms)


Started GET "/movies?utf8=%E2%9C%93&ratings%5BR%5D=1&commit=Refresh" for 2601:644:400:f0:9ddb:f8d3:49c8:89e5 at 2022-10-05 05:45:43 +0000
Cannot render console from 2601:644:400:f0:9ddb:f8d3:49c8:89e5! Allowed networks: 127.0.0.1, ::1, 127.0.0.0/127.255.255.255
Processing by MoviesController#index as HTML
  Parameters: {"utf8"=>"✓", "ratings"=>{"R"=>"1"}, "commit"=>"Refresh"}
  [1m[35mMovie Load (0.1ms)[0m  SELECT "movies".* FROM "movies" WHERE "movies"."rating" = ?  [["rating", "G"]]
  [1m[36mMovie Load (0.1ms)[0m  [1mSELECT "movies".* FROM "movies" WHERE "movies"."rating" = ?[0m  [["rating", "PG"]]
  [1m[35mMovie Load (0.1ms)[0m  SELECT "movies".* FROM "movies" WHERE "movies"."rating" = ?  [["rating", "PG-13"]]
  [1m[36mMovie Load (0.1ms)[0m  [1mSELECT "movies".* FROM "movies" WHERE "movies"."rating" = ?[0m  [["rating", "R"]]
  Rendered movies/index.html.erb within layouts/application (2.0ms)
  Rendered layouts/_flash.erb (0.1ms)
Completed 200 OK in 12ms (Views: 9.2ms | ActiveRecord: 0.4ms)


Started GET "/movies?utf8=%E2%9C%93&ratings%5BR%5D=1&commit=Refresh" for 2601:644:400:f0:9ddb:f8d3:49c8:89e5 at 2022-10-05 05:45:45 +0000
Cannot render console from 2601:644:400:f0:9ddb:f8d3:49c8:89e5! Allowed networks: 127.0.0.1, ::1, 127.0.0.0/127.255.255.255
Processing by MoviesController#index as HTML
  Parameters: {"utf8"=>"✓", "ratings"=>{"R"=>"1"}, "commit"=>"Refresh"}
  [1m[35mMovie Load (0.1ms)[0m  SELECT "movies".* FROM "movies" WHERE "movies"."rating" = ?  [["rating", "G"]]
  [1m[36mMovie Load (0.1ms)[0m  [1mSELECT "movies".* FROM "movies" WHERE "movies"."rating" = ?[0m  [["rating", "PG"]]
  [1m[35mMovie Load (0.1ms)[0m  SELECT "movies".* FROM "movies" WHERE "movies"."rating" = ?  [["rating", "PG-13"]]
  [1m[36mMovie Load (0.1ms)[0m  [1mSELECT "movies".* FROM "movies" WHERE "movies"."rating" = ?[0m  [["rating", "R"]]
  Rendered movies/index.html.erb within layouts/application (2.1ms)
  Rendered layouts/_flash.erb (0.1ms)
Completed 200 OK in 14ms (Views: 11.1ms | ActiveRecord: 0.4ms)


Started GET "/movies?utf8=%E2%9C%93&commit=Refresh" for 2601:644:400:f0:9ddb:f8d3:49c8:89e5 at 2022-10-05 05:46:16 +0000
Cannot render console from 2601:644:400:f0:9ddb:f8d3:49c8:89e5! Allowed networks: 127.0.0.1, ::1, 127.0.0.0/127.255.255.255
Processing by MoviesController#index as HTML
  Parameters: {"utf8"=>"✓", "commit"=>"Refresh"}
  [1m[35mMovie Load (0.2ms)[0m  SELECT "movies".* FROM "movies" WHERE "movies"."rating" = ?  [["rating", "G"]]
  [1m[36mMovie Load (0.1ms)[0m  [1mSELECT "movies".* FROM "movies" WHERE "movies"."rating" = ?[0m  [["rating", "PG"]]
  [1m[35mMovie Load (0.1ms)[0m  SELECT "movies".* FROM "movies" WHERE "movies"."rating" = ?  [["rating", "PG-13"]]
  [1m[36mMovie Load (0.1ms)[0m  [1mSELECT "movies".* FROM "movies" WHERE "movies"."rating" = ?[0m  [["rating", "R"]]
  Rendered movies/index.html.erb within layouts/application (1.8ms)
  Rendered layouts/_flash.erb (0.1ms)
Completed 200 OK in 21ms (Views: 12.6ms | ActiveRecord: 1.1ms)


Started GET "/movies?utf8=%E2%9C%93&ratings%5BPG-13%5D=1&ratings%5BR%5D=1&commit=Refresh" for 2601:644:400:f0:9ddb:f8d3:49c8:89e5 at 2022-10-05 05:46:27 +0000
Cannot render console from 2601:644:400:f0:9ddb:f8d3:49c8:89e5! Allowed networks: 127.0.0.1, ::1, 127.0.0.0/127.255.255.255
Processing by MoviesController#index as HTML
  Parameters: {"utf8"=>"✓", "ratings"=>{"PG-13"=>"1", "R"=>"1"}, "commit"=>"Refresh"}
  [1m[35mMovie Load (0.1ms)[0m  SELECT "movies".* FROM "movies" WHERE "movies"."rating" = ?  [["rating", "G"]]
  [1m[36mMovie Load (0.1ms)[0m  [1mSELECT "movies".* FROM "movies" WHERE "movies"."rating" = ?[0m  [["rating", "PG"]]
  [1m[35mMovie Load (0.1ms)[0m  SELECT "movies".* FROM "movies" WHERE "movies"."rating" = ?  [["rating", "PG-13"]]
  [1m[36mMovie Load (0.1ms)[0m  [1mSELECT "movies".* FROM "movies" WHERE "movies"."rating" = ?[0m  [["rating", "R"]]
  Rendered movies/index.html.erb within layouts/application (1.6ms)
  Rendered layouts/_flash.erb (0.1ms)
Completed 200 OK in 22ms (Views: 19.7ms | ActiveRecord: 0.3ms)


Started GET "/movies?utf8=%E2%9C%93&ratings%5BPG-13%5D=1&ratings%5BR%5D=1&commit=Refresh" for 2601:644:400:f0:9ddb:f8d3:49c8:89e5 at 2022-10-05 05:48:02 +0000
Cannot render console from 2601:644:400:f0:9ddb:f8d3:49c8:89e5! Allowed networks: 127.0.0.1, ::1, 127.0.0.0/127.255.255.255
Processing by MoviesController#index as HTML
  Parameters: {"utf8"=>"✓", "ratings"=>{"PG-13"=>"1", "R"=>"1"}, "commit"=>"Refresh"}
  [1m[35mMovie Load (0.1ms)[0m  SELECT "movies".* FROM "movies" WHERE "movies"."rating" = ?  [["rating", "G"]]
  [1m[36mMovie Load (0.1ms)[0m  [1mSELECT "movies".* FROM "movies" WHERE "movies"."rating" = ?[0m  [["rating", "PG"]]
  [1m[35mMovie Load (0.1ms)[0m  SELECT "movies".* FROM "movies" WHERE "movies"."rating" = ?  [["rating", "PG-13"]]
  [1m[36mMovie Load (0.1ms)[0m  [1mSELECT "movies".* FROM "movies" WHERE "movies"."rating" = ?[0m  [["rating", "R"]]
  Rendered movies/index.html.erb within layouts/application (1.6ms)
  Rendered layouts/_flash.erb (0.1ms)
Completed 200 OK in 19ms (Views: 10.8ms | ActiveRecord: 0.8ms)


Started GET "/movies?utf8=%E2%9C%93&ratings%5BPG%5D=1&ratings%5BR%5D=1&commit=Refresh" for 2601:644:400:f0:9ddb:f8d3:49c8:89e5 at 2022-10-05 05:48:05 +0000
Cannot render console from 2601:644:400:f0:9ddb:f8d3:49c8:89e5! Allowed networks: 127.0.0.1, ::1, 127.0.0.0/127.255.255.255
Processing by MoviesController#index as HTML
  Parameters: {"utf8"=>"✓", "ratings"=>{"PG"=>"1", "R"=>"1"}, "commit"=>"Refresh"}
  [1m[35mMovie Load (0.1ms)[0m  SELECT "movies".* FROM "movies" WHERE "movies"."rating" = ?  [["rating", "G"]]
  [1m[36mMovie Load (0.1ms)[0m  [1mSELECT "movies".* FROM "movies" WHERE "movies"."rating" = ?[0m  [["rating", "PG"]]
  [1m[35mMovie Load (0.1ms)[0m  SELECT "movies".* FROM "movies" WHERE "movies"."rating" = ?  [["rating", "PG-13"]]
  [1m[36mMovie Load (0.1ms)[0m  [1mSELECT "movies".* FROM "movies" WHERE "movies"."rating" = ?[0m  [["rating", "R"]]
  Rendered movies/index.html.erb within layouts/application (1.5ms)
  Rendered layouts/_flash.erb (0.0ms)
Completed 200 OK in 10ms (Views: 7.9ms | ActiveRecord: 0.3ms)


Started GET "/" for 2601:644:400:f0:9ddb:f8d3:49c8:89e5 at 2022-10-05 05:48:23 +0000
Cannot render console from 2601:644:400:f0:9ddb:f8d3:49c8:89e5! Allowed networks: 127.0.0.1, ::1, 127.0.0.0/127.255.255.255
  [1m[36mActiveRecord::SchemaMigration Load (0.1ms)[0m  [1mSELECT "schema_migrations".* FROM "schema_migrations"[0m
Processing by MoviesController#index as HTML
  [1m[35mMovie Load (0.1ms)[0m  SELECT "movies".* FROM "movies" WHERE "movies"."rating" = ?  [["rating", "G"]]
  [1m[36mMovie Load (0.1ms)[0m  [1mSELECT "movies".* FROM "movies" WHERE "movies"."rating" = ?[0m  [["rating", "PG"]]
  [1m[35mMovie Load (0.1ms)[0m  SELECT "movies".* FROM "movies" WHERE "movies"."rating" = ?  [["rating", "PG-13"]]
  [1m[36mMovie Load (0.1ms)[0m  [1mSELECT "movies".* FROM "movies" WHERE "movies"."rating" = ?[0m  [["rating", "R"]]
  Rendered movies/index.html.erb within layouts/application (3.2ms)
  Rendered layouts/_flash.erb (0.4ms)
Completed 200 OK in 220ms (Views: 208.7ms | ActiveRecord: 0.6ms)


Started GET "/movies?utf8=%E2%9C%93&ratings%5BPG-13%5D=1&ratings%5BR%5D=1&commit=Refresh" for 2601:644:400:f0:9ddb:f8d3:49c8:89e5 at 2022-10-05 05:48:26 +0000
Cannot render console from 2601:644:400:f0:9ddb:f8d3:49c8:89e5! Allowed networks: 127.0.0.1, ::1, 127.0.0.0/127.255.255.255
Processing by MoviesController#index as HTML
  Parameters: {"utf8"=>"✓", "ratings"=>{"PG-13"=>"1", "R"=>"1"}, "commit"=>"Refresh"}
  [1m[35mMovie Load (0.1ms)[0m  SELECT "movies".* FROM "movies" WHERE "movies"."rating" = ?  [["rating", "G"]]
  [1m[36mMovie Load (0.1ms)[0m  [1mSELECT "movies".* FROM "movies" WHERE "movies"."rating" = ?[0m  [["rating", "PG"]]
  [1m[35mMovie Load (0.1ms)[0m  SELECT "movies".* FROM "movies" WHERE "movies"."rating" = ?  [["rating", "PG-13"]]
  [1m[36mMovie Load (0.1ms)[0m  [1mSELECT "movies".* FROM "movies" WHERE "movies"."rating" = ?[0m  [["rating", "R"]]
  Rendered movies/index.html.erb within layouts/application (1.6ms)
  Rendered layouts/_flash.erb (0.1ms)
Completed 200 OK in 10ms (Views: 8.2ms | ActiveRecord: 0.3ms)


Started GET "/movies?utf8=%E2%9C%93&ratings%5BPG-13%5D=1&commit=Refresh" for 2601:644:400:f0:9ddb:f8d3:49c8:89e5 at 2022-10-05 05:48:44 +0000
Cannot render console from 2601:644:400:f0:9ddb:f8d3:49c8:89e5! Allowed networks: 127.0.0.1, ::1, 127.0.0.0/127.255.255.255
Processing by MoviesController#index as HTML
  Parameters: {"utf8"=>"✓", "ratings"=>{"PG-13"=>"1"}, "commit"=>"Refresh"}
  [1m[35mMovie Load (0.1ms)[0m  SELECT "movies".* FROM "movies" WHERE "movies"."rating" = ?  [["rating", "G"]]
  [1m[36mMovie Load (0.1ms)[0m  [1mSELECT "movies".* FROM "movies" WHERE "movies"."rating" = ?[0m  [["rating", "PG"]]
  [1m[35mMovie Load (0.1ms)[0m  SELECT "movies".* FROM "movies" WHERE "movies"."rating" = ?  [["rating", "PG-13"]]
  [1m[36mMovie Load (0.1ms)[0m  [1mSELECT "movies".* FROM "movies" WHERE "movies"."rating" = ?[0m  [["rating", "R"]]
  Rendered movies/index.html.erb within layouts/application (3.2ms)
  Rendered layouts/_flash.erb (0.1ms)
Completed 200 OK in 33ms (Views: 30.3ms | ActiveRecord: 0.3ms)


Started GET "/movies?utf8=%E2%9C%93&ratings%5BR%5D=1&commit=Refresh" for 2601:644:400:f0:9ddb:f8d3:49c8:89e5 at 2022-10-05 05:49:58 +0000
Cannot render console from 2601:644:400:f0:9ddb:f8d3:49c8:89e5! Allowed networks: 127.0.0.1, ::1, 127.0.0.0/127.255.255.255
Processing by MoviesController#index as HTML
  Parameters: {"utf8"=>"✓", "ratings"=>{"R"=>"1"}, "commit"=>"Refresh"}
Completed 500 Internal Server Error in 26ms (ActiveRecord: 0.0ms)

NameError (undefined local variable or method `rating_list' for #<Class:0x00007f08412df910>
Did you mean?  Rational):
  app/models/movie.rb:13:in `with_ratings'
  app/controllers/movies_controller.rb:13:in `index'


  Rendered /home/codio/.rvm/gems/ruby-2.6.6/gems/actionpack-4.2.11/lib/action_dispatch/middleware/templates/rescues/_source.erb (20.2ms)
  Rendered /home/codio/.rvm/gems/ruby-2.6.6/gems/actionpack-4.2.11/lib/action_dispatch/middleware/templates/rescues/_trace.html.erb (5.5ms)
  Rendered /home/codio/.rvm/gems/ruby-2.6.6/gems/actionpack-4.2.11/lib/action_dispatch/middleware/templates/rescues/_request_and_response.html.erb (1.9ms)
  Rendered /home/codio/.rvm/gems/ruby-2.6.6/gems/actionpack-4.2.11/lib/action_dispatch/middleware/templates/rescues/diagnostics.html.erb within rescues/layout (41.5ms)


Started GET "/movies?utf8=%E2%9C%93&ratings%5BR%5D=1&commit=Refresh" for 2601:644:400:f0:9ddb:f8d3:49c8:89e5 at 2022-10-05 05:50:22 +0000
Cannot render console from 2601:644:400:f0:9ddb:f8d3:49c8:89e5! Allowed networks: 127.0.0.1, ::1, 127.0.0.0/127.255.255.255
Processing by MoviesController#index as HTML
  Parameters: {"utf8"=>"✓", "ratings"=>{"R"=>"1"}, "commit"=>"Refresh"}
  [1m[35mMovie Load (0.1ms)[0m  SELECT "movies".* FROM "movies" WHERE "movies"."rating" = ?  [["rating", "G"]]
  [1m[36mMovie Load (0.1ms)[0m  [1mSELECT "movies".* FROM "movies" WHERE "movies"."rating" = ?[0m  [["rating", "PG"]]
  [1m[35mMovie Load (0.1ms)[0m  SELECT "movies".* FROM "movies" WHERE "movies"."rating" = ?  [["rating", "PG-13"]]
  [1m[36mMovie Load (0.1ms)[0m  [1mSELECT "movies".* FROM "movies" WHERE "movies"."rating" = ?[0m  [["rating", "R"]]
  Rendered movies/index.html.erb within layouts/application (1.8ms)
  Rendered layouts/_flash.erb (0.1ms)
Completed 200 OK in 30ms (Views: 12.4ms | ActiveRecord: 0.9ms)


Started GET "/movies?utf8=%E2%9C%93&ratings%5BR%5D=1&commit=Refresh" for 2601:644:400:f0:9ddb:f8d3:49c8:89e5 at 2022-10-05 05:50:25 +0000
Cannot render console from 2601:644:400:f0:9ddb:f8d3:49c8:89e5! Allowed networks: 127.0.0.1, ::1, 127.0.0.0/127.255.255.255
Processing by MoviesController#index as HTML
  Parameters: {"utf8"=>"✓", "ratings"=>{"R"=>"1"}, "commit"=>"Refresh"}
  [1m[35mMovie Load (0.1ms)[0m  SELECT "movies".* FROM "movies" WHERE "movies"."rating" = ?  [["rating", "G"]]
  [1m[36mMovie Load (0.1ms)[0m  [1mSELECT "movies".* FROM "movies" WHERE "movies"."rating" = ?[0m  [["rating", "PG"]]
  [1m[35mMovie Load (0.1ms)[0m  SELECT "movies".* FROM "movies" WHERE "movies"."rating" = ?  [["rating", "PG-13"]]
  [1m[36mMovie Load (0.1ms)[0m  [1mSELECT "movies".* FROM "movies" WHERE "movies"."rating" = ?[0m  [["rating", "R"]]
  Rendered movies/index.html.erb within layouts/application (1.6ms)
  Rendered layouts/_flash.erb (0.1ms)
Completed 200 OK in 10ms (Views: 8.0ms | ActiveRecord: 0.3ms)


Started GET "/movies?utf8=%E2%9C%93&ratings%5BR%5D=1&commit=Refresh" for 2601:644:400:f0:9ddb:f8d3:49c8:89e5 at 2022-10-05 05:51:18 +0000
Cannot render console from 2601:644:400:f0:9ddb:f8d3:49c8:89e5! Allowed networks: 127.0.0.1, ::1, 127.0.0.0/127.255.255.255
Processing by MoviesController#index as HTML
  Parameters: {"utf8"=>"✓", "ratings"=>{"R"=>"1"}, "commit"=>"Refresh"}
  [1m[35mMovie Load (0.1ms)[0m  SELECT "movies".* FROM "movies" WHERE "movies"."rating" = ?  [["rating", "G"]]
  [1m[36mMovie Load (0.1ms)[0m  [1mSELECT "movies".* FROM "movies" WHERE "movies"."rating" = ?[0m  [["rating", "PG"]]
  [1m[35mMovie Load (0.1ms)[0m  SELECT "movies".* FROM "movies" WHERE "movies"."rating" = ?  [["rating", "PG-13"]]
  [1m[36mMovie Load (0.1ms)[0m  [1mSELECT "movies".* FROM "movies" WHERE "movies"."rating" = ?[0m  [["rating", "R"]]
  Rendered movies/index.html.erb within layouts/application (1.9ms)
  Rendered layouts/_flash.erb (0.1ms)
Completed 200 OK in 21ms (Views: 13.3ms | ActiveRecord: 0.8ms)


Started GET "/movies?utf8=%E2%9C%93&ratings%5BR%5D=1&commit=Refresh" for 2601:644:400:f0:9ddb:f8d3:49c8:89e5 at 2022-10-05 05:51:20 +0000
Cannot render console from 2601:644:400:f0:9ddb:f8d3:49c8:89e5! Allowed networks: 127.0.0.1, ::1, 127.0.0.0/127.255.255.255
Processing by MoviesController#index as HTML
  Parameters: {"utf8"=>"✓", "ratings"=>{"R"=>"1"}, "commit"=>"Refresh"}
  [1m[35mMovie Load (0.1ms)[0m  SELECT "movies".* FROM "movies" WHERE "movies"."rating" = ?  [["rating", "G"]]
  [1m[36mMovie Load (0.1ms)[0m  [1mSELECT "movies".* FROM "movies" WHERE "movies"."rating" = ?[0m  [["rating", "PG"]]
  [1m[35mMovie Load (0.1ms)[0m  SELECT "movies".* FROM "movies" WHERE "movies"."rating" = ?  [["rating", "PG-13"]]
  [1m[36mMovie Load (0.1ms)[0m  [1mSELECT "movies".* FROM "movies" WHERE "movies"."rating" = ?[0m  [["rating", "R"]]
  Rendered movies/index.html.erb within layouts/application (1.6ms)
  Rendered layouts/_flash.erb (0.1ms)
Completed 200 OK in 10ms (Views: 7.9ms | ActiveRecord: 0.3ms)


Started GET "/movies?utf8=%E2%9C%93&ratings%5BPG-13%5D=1&ratings%5BR%5D=1&commit=Refresh" for 2601:644:400:f0:9ddb:f8d3:49c8:89e5 at 2022-10-05 05:51:38 +0000
Cannot render console from 2601:644:400:f0:9ddb:f8d3:49c8:89e5! Allowed networks: 127.0.0.1, ::1, 127.0.0.0/127.255.255.255
Processing by MoviesController#index as HTML
  Parameters: {"utf8"=>"✓", "ratings"=>{"PG-13"=>"1", "R"=>"1"}, "commit"=>"Refresh"}
  [1m[35mMovie Load (0.1ms)[0m  SELECT "movies".* FROM "movies" WHERE "movies"."rating" = ?  [["rating", "G"]]
  [1m[36mMovie Load (0.1ms)[0m  [1mSELECT "movies".* FROM "movies" WHERE "movies"."rating" = ?[0m  [["rating", "PG"]]
  [1m[35mMovie Load (0.1ms)[0m  SELECT "movies".* FROM "movies" WHERE "movies"."rating" = ?  [["rating", "PG-13"]]
  [1m[36mMovie Load (0.1ms)[0m  [1mSELECT "movies".* FROM "movies" WHERE "movies"."rating" = ?[0m  [["rating", "R"]]
  Rendered movies/index.html.erb within layouts/application (1.6ms)
  Rendered layouts/_flash.erb (0.1ms)
Completed 200 OK in 11ms (Views: 8.3ms | ActiveRecord: 0.4ms)


Started GET "/movies?utf8=%E2%9C%93&commit=Refresh" for 2601:644:400:f0:9ddb:f8d3:49c8:89e5 at 2022-10-05 05:52:06 +0000
Cannot render console from 2601:644:400:f0:9ddb:f8d3:49c8:89e5! Allowed networks: 127.0.0.1, ::1, 127.0.0.0/127.255.255.255
Processing by MoviesController#index as HTML
  Parameters: {"utf8"=>"✓", "commit"=>"Refresh"}
  [1m[35mMovie Load (0.1ms)[0m  SELECT "movies".* FROM "movies" WHERE "movies"."rating" = ?  [["rating", "G"]]
  [1m[36mMovie Load (0.1ms)[0m  [1mSELECT "movies".* FROM "movies" WHERE "movies"."rating" = ?[0m  [["rating", "PG"]]
  [1m[35mMovie Load (0.1ms)[0m  SELECT "movies".* FROM "movies" WHERE "movies"."rating" = ?  [["rating", "PG-13"]]
  [1m[36mMovie Load (0.1ms)[0m  [1mSELECT "movies".* FROM "movies" WHERE "movies"."rating" = ?[0m  [["rating", "R"]]
  Rendered movies/index.html.erb within layouts/application (1.8ms)
  Rendered layouts/_flash.erb (0.1ms)
Completed 200 OK in 19ms (Views: 11.2ms | ActiveRecord: 0.9ms)


Started GET "/movies?utf8=%E2%9C%93&ratings%5BR%5D=1&commit=Refresh" for 2601:644:400:f0:9ddb:f8d3:49c8:89e5 at 2022-10-05 05:52:07 +0000
Cannot render console from 2601:644:400:f0:9ddb:f8d3:49c8:89e5! Allowed networks: 127.0.0.1, ::1, 127.0.0.0/127.255.255.255
Processing by MoviesController#index as HTML
  Parameters: {"utf8"=>"✓", "ratings"=>{"R"=>"1"}, "commit"=>"Refresh"}
  [1m[35mMovie Load (0.2ms)[0m  SELECT "movies".* FROM "movies" WHERE "movies"."rating" IN ('R', '1')
  Rendered movies/index.html.erb within layouts/application (0.8ms)
  Rendered layouts/_flash.erb (0.0ms)
Completed 200 OK in 8ms (Views: 7.3ms | ActiveRecord: 0.2ms)


Started GET "/movies?utf8=%E2%9C%93&ratings%5BPG-13%5D=1&ratings%5BR%5D=1&commit=Refresh" for 2601:644:400:f0:9ddb:f8d3:49c8:89e5 at 2022-10-05 05:52:11 +0000
Cannot render console from 2601:644:400:f0:9ddb:f8d3:49c8:89e5! Allowed networks: 127.0.0.1, ::1, 127.0.0.0/127.255.255.255
Processing by MoviesController#index as HTML
  Parameters: {"utf8"=>"✓", "ratings"=>{"PG-13"=>"1", "R"=>"1"}, "commit"=>"Refresh"}
  [1m[36mMovie Load (0.2ms)[0m  [1mSELECT "movies".* FROM "movies" WHERE "movies"."rating" IN ('PG-13', '1')[0m
  [1m[35mMovie Load (0.1ms)[0m  SELECT "movies".* FROM "movies" WHERE "movies"."rating" IN ('R', '1')
  Rendered movies/index.html.erb within layouts/application (1.1ms)
  Rendered layouts/_flash.erb (0.1ms)
Completed 200 OK in 9ms (Views: 7.8ms | ActiveRecord: 0.3ms)
